
<!DOCTYPE html>
<html>


<head>
	<meta charset='utf-8' /> 
	<meta name='description' content='' />
	<meta name='robots' content='noodp, noydir' />
	<meta name='viewport' content='width=device-width, initial-scale=1' />
	<meta id="timeStampFormat" name="timeStampFormat" content='MMM d, yyyy hh:mm:ss a'/>
	
	<link href='https://fonts.googleapis.com/css?family=Source+Sans+Pro:400,600' rel='stylesheet' type='text/css'>
	<link href="https://fonts.googleapis.com/icon?family=Material+Icons" rel="stylesheet">

		<link href='https://cdn.rawgit.com/anshooarora/extentreports-java/6d3843c29c354373fafad29c03a1a89b7e06c374/dist/css/extent.css' type='text/css' rel='stylesheet' />
	
	<title>ExtentReports</title>

</head>

	<body class='extent standard default hide-overflow bdd-report'>
		<div id='theme-selector' alt='Click to toggle theme. To enable by default, use theme configuration.' title='Click to toggle theme. To enable by default, use theme configuration.'>
			<span><i class='material-icons'>desktop_windows</i></span>
		</div>

<nav>
	<div class="nav-wrapper">
		<a href="#!" class="brand-logo blue darken-3">Extent</a>

		<!-- slideout menu -->
		<ul id='slide-out' class='side-nav fixed hide-on-med-and-down'>
			<li class='waves-effect active'><a href='#!' view='test-view' onclick="configureView(0);chartsView('test');"><i class='material-icons'>dashboard</i></a></li>
						<li class='waves-effect'><a href='#!' view='exception-view' onclick="configureView(2)"><i class='material-icons'>bug_report</i></a></li>
			<li class='waves-effect'><a href='#!' onclick="configureView(-1);chartsView('dashboard');" view='dashboard-view'><i class='material-icons'>track_changes</i></i></a></li>
		</ul>

		<!-- report name -->
		<span class='report-name'>ExtentReports</span>
		
		<!-- report headline -->
		<span class='report-headline'></span>

		<!-- nav-right -->
		<ul id='nav-mobile' class='right hide-on-med-and-down nav-right'>
			<li>
                <a href='#!'>
                    <span class='label suite-start-time blue darken-3'>May 14, 2019 02:19:42 PM</span>
				</a>
			</li>
			<li>
                <a href='#!'>
                    <span class='label blue darken-3'>v3.0.6</span>
				</a>
			</li>
		</ul>
	</div>
</nav>

		<!-- container -->
		<div class='container'>

<div id='test-view' class='view'>
				
	<section id='controls'>
		<div class='controls grey lighten-4'>
			<!-- test toggle -->
			<div class='chip transparent'>
				<a class='dropdown-button tests-toggle' data-activates='tests-toggle' data-constrainwidth='true' data-beloworigin='true' data-hover='true' href='#'>
					<i class='material-icons'>warning</i> Status
				</a>
				<ul id='tests-toggle' class='dropdown-content'>
											<li status='pass'><a href='#!'>Pass <i class='material-icons green-text'>check_circle</i></a></li>
						<li status='fail'><a href='#!'>Fail <i class='material-icons red-text'>cancel</i></a></li>
					<li class='divider'></li>
					<li status='clear' clear='true'><a href='#!'>Clear Filters <i class='material-icons'>clear</i></a></li>
				</ul>
			</div>
			<!-- test toggle -->

			<!-- category toggle -->
			<!-- category toggle -->

			<!-- clear filters -->
			<div class='chip transparent hide'>
				<a class='' id='clear-filters' alt='Clear Filters' title='Clear Filters'>
					<i class='material-icons'>close</i> Clear
				</a>
			</div>
			<!-- clear filters -->

			<!-- enable dashboard -->
			<div id='toggle-test-view-charts' class='chip transparent'>
				<a class='pink-text' id='enable-dashboard' alt='Enable Dashboard' title='Enable Dashboard'>
					<i class='material-icons'>track_changes</i> Dashboard
				</a>
			</div>
			<!-- enable dashboard -->

			<!-- search -->
			<div class='chip transparent' alt='Search Tests' title='Search Tests'>
				<a href="#" class='search-div'>
					<i class='material-icons'>search</i> Search
				</a>

				<div class='input-field left hide'>
					<input id='search-tests' type='text' class='validate browser-default' placeholder='Search Tests...'>
				</div>
				
			</div>
			<!-- search -->
		</div>
	</section>


<div id='test-view-charts' class='subview-full'>
	<div id='charts-row' class='row nm-v nm-h'>
		<div class='col s12 m4 l4 np-h'>
			<div class='card-panel nm-v'>
				<div class='left panel-name'>Features</div>
				<div class='chart-box'>
					<canvas id='parent-analysis' width='100' height='80'></canvas>
				</div>
				<div class='block text-small'>
					<span class='tooltipped' data-position='top' data-tooltip='75%'><span class='strong'>3</span> feature(s) passed</span>
				</div>
				<div class='block text-small'>
					<span class='strong tooltipped' data-position='top' data-tooltip='25%'>1</span> feature(s) failed, <span class='strong tooltipped' data-position='top' data-tooltip='0%'>0</span> others
				</div>
			</div>
		</div>
		
		<div class='col s12 m4 l4 np-h'>
			<div class='card-panel nm-v'>
				<div class='left panel-name'>Scenarios</div>
				<div class='chart-box'>
					<canvas id='child-analysis' width='100' height='80'></canvas>
				</div>
				<div class='block text-small'>
					<span class='tooltipped' data-position='top' data-tooltip='75%'><span class='strong'>3</span> scenario(s) passed</span>
				</div>
				<div class='block text-small'>
					<span class='strong tooltipped' data-position='top' data-tooltip='25%'>1</span> scenario(s) failed, <span class='strong tooltipped' data-position='top' data-tooltip='0%'>0</span> others
				</div>
			</div>
		</div>
		
		<div class='col s12 m4 l4 np-h'>
			<div class='card-panel nm-v'>
				<div class='left panel-name'>Steps</div>
				<div class='chart-box'>
					<canvas id='grandchild-analysis' width='100' height='80'></canvas>
				</div>
				<div class='block text-small'>
					<span class='tooltipped' data-position='top' data-tooltip='94.118%'><span class='strong'>16</span> step(s) passed</span>
				</div>
				<div class='block text-small'>
					<span class='strong tooltipped' data-position='top' data-tooltip='5.882%'>1</span> step(s) failed, <span class='strong tooltipped' data-position='top' data-tooltip='0%'>0</span> others
				</div>
			</div>
		</div>
	</div>
</div>

	<div class='subview-left left'>
		
		<div class='view-summary'>
			<h5>Features</h5>
			<ul id='test-collection' class='test-collection'>
				
				
				<li class='test displayed active has-leaf fail' status='fail' bdd='true' test-id='1'>
					<div class='test-heading'>
						<span class='test-name'>Exception Functionality</span>
						<span class='test-time'>May 14, 2019 02:19:42 PM</span>
						<span class='test-status right fail'>fail</span>
					</div>
					<div class='test-content hide'>
<div class='scenario node' test-id='2' status='fail'>
	<span class='duration right label'>0h 1m 34s+740ms</span>
	<div class='desc'>
		<b>Scenario</b>
		<span class="desc-text">Verify Exceptions</span>
	</div>
	<ul class='steps'>
		<li test-id='3' class='node and pass' status='pass'>
			
			<b>And</b>
			
			<span class="bdd-step-name">And User Click on "HomePage/Exception"</span>
				<div class='pre'>Clicking on [HomePage/Exception]</div>
				<div class='pre'>passed</div>
			
		</li>
		<li test-id='4' class='node and pass' status='pass'>
			
			<b>And</b>
			
			<span class="bdd-step-name">And User wait for "15000"</span>
				<div class='pre'>passed</div>
			
		</li>
		<li test-id='5' class='node and pass' status='pass'>
			
			<b>And</b>
			
			<span class="bdd-step-name">And User take screenshots</span>
			<ul class='screenshots right'>
				<li><a data-featherlight="image" href="D:\AppiumAssignment\appiumTest/target/cucumber-reports/Tue_May_14_14_19_41_IST_2019\ScreenShot_1048.png"><i class='material-icons'>panorama</i></a></li>
			</ul>
				<div class='pre'>passed</div>
			
		</li>
		<li test-id='6' class='node and fail' status='fail'>
			
			<b>And</b>
			
			<span class="bdd-step-name">And User Click on "HomePage/Exception"</span>
				<div class='pre'><pre>java.lang.AssertionError: An element could not be located on the page using the given search parameters.
For documentation on this error, please visit: https://www.seleniumhq.org/exceptions/no_such_element.html
Build info: version: '3.141.59', revision: 'e82be7d358', time: '2018-11-14T08:17:03'
System info: host: 'ANSHUL48918', ip: '172.20.10.10', os.name: 'Windows 7', os.arch: 'amd64', os.version: '6.1', java.version: '1.8.0_144'
Driver info: io.appium.java_client.android.AndroidDriver
Capabilities {app: src\main\resources\selendro..., appActivity: HomeScreenActivity, appPackage: io.selendroid.testapp, appium-version: 1.13.0, autoAcceptAlerts: true, autoDismissAlerts: true, autoGrantPermissions: true, connectHardwareKeyboard: false, databaseEnabled: false, desired: {app: src\main\resources\selendro..., appActivity: HomeScreenActivity, appPackage: io.selendroid.testapp, appium-version: 1.13.0, autoAcceptAlerts: true, autoDismissAlerts: true, autoGrantPermissions: true, connectHardwareKeyboard: false, deviceName: Nexus6, orientation: PORTRAIT, platformName: android, platformVersion: 6.0}, deviceManufacturer: unknown, deviceModel: Android SDK built for x86, deviceName: emulator-5554, deviceScreenSize: 1440x2560, deviceUDID: emulator-5554, javascriptEnabled: true, locationContextEnabled: false, networkConnectionEnabled: true, orientation: PORTRAIT, platform: LINUX, platformName: Android, platformVersion: 6.0, takesScreenshot: true, warnings: {}, webStorageEnabled: false}
Session ID: f99e4250-ce7b-4806-88b5-f7902ca25c29
*** Element info: {Using=id, value=io.selendroid.testapp:id/exceptionTestButton} expected [true] but found [false]
	at org.testng.Assert.fail(Assert.java:96)
	at org.testng.Assert.failNotEquals(Assert.java:776)
	at org.testng.Assert.assertTrue(Assert.java:44)
	at com.assignment.appiumTest.Drivers.Drivers.getElement(Drivers.java:535)
	at com.assignment.appiumTest.Drivers.Drivers.clickButton(Drivers.java:317)
	at StepDefinations.Base.ClickOnButton(Base.java:21)
	at ?.And User Click on "HomePage/Exception"(Exception.feature:8)
</pre></div>
				<div class='pre'>Launching the application</div>
			
		</li>
	</ul>
</div>
					</div>
				</li>
				
				
				<li class='test displayed active has-leaf pass' status='pass' bdd='true' test-id='7'>
					<div class='test-heading'>
						<span class='test-name'>Gesture Functionality</span>
						<span class='test-time'>May 14, 2019 02:20:57 PM</span>
						<span class='test-status right pass'>pass</span>
					</div>
					<div class='test-content hide'>
<div class='scenario node' test-id='8' status='pass'>
	<span class='duration right label'>0h 1m 3s+142ms</span>
	<div class='desc'>
		<b>Scenario</b>
		<span class="desc-text">Verify Scroll</span>
	</div>
	<ul class='steps'>
		<li test-id='9' class='node and pass' status='pass'>
			
			<b>And</b>
			
			<span class="bdd-step-name">And User Click on "HomePage/TouchActionbutton"</span>
				<div class='pre'>Clicking on [HomePage/TouchActionbutton]</div>
				<div class='pre'>passed</div>
			
		</li>
		<li test-id='10' class='node and pass' status='pass'>
			
			<b>And</b>
			
			<span class="bdd-step-name">And User take screenshots</span>
			<ul class='screenshots right'>
				<li><a data-featherlight="image" href="D:\AppiumAssignment\appiumTest/target/cucumber-reports/Tue_May_14_14_19_41_IST_2019\ScreenShot_1049.png"><i class='material-icons'>panorama</i></a></li>
			</ul>
				<div class='pre'>passed</div>
			
		</li>
		<li test-id='11' class='node when pass' status='pass'>
			
			<b>When</b>
			
			<span class="bdd-step-name">When User Swipe the screen "down"</span>
				<div class='pre'>passed</div>
			
		</li>
		<li test-id='12' class='node then pass' status='pass'>
			
			<b>Then</b>
			
			<span class="bdd-step-name">Then Verify Gesture "FLICK"</span>
				<div class='pre'>Element value: FLICK</div>
				<div class='pre'>Gesture: FLICK Tested sucessfully</div>
				<div class='pre'>passed</div>
				<div class='pre'>Launching the application</div>
			
		</li>
	</ul>
</div>
					</div>
				</li>
				
				
				<li class='test displayed active has-leaf pass' status='pass' bdd='true' test-id='13'>
					<div class='test-heading'>
						<span class='test-name'>Register a new User</span>
						<span class='test-time'>May 14, 2019 02:21:39 PM</span>
						<span class='test-status right pass'>pass</span>
					</div>
					<div class='test-content hide'>
<div class='scenario node' test-id='14' status='pass'>
	<span class='duration right label'>0h 6m 40s+71ms</span>
	<div class='desc'>
		<b>Scenario</b>
		<span class="desc-text">Registration</span>
	</div>
	<ul class='steps'>
		<li test-id='15' class='node given pass' status='pass'>
			
			<b>Given</b>
			
			<span class="bdd-step-name">Given User Open registration page</span>
				<div class='pre'>Clicking on [HomePage/StartRegistration]</div>
				<div class='pre'>passed</div>
			
		</li>
		<li test-id='16' class='node when pass' status='pass'>
			
			<b>When</b>
			
			<span class="bdd-step-name">When User enter user details</span>
			<ul class='screenshots right'>
				<li><a data-featherlight="image" href="D:\AppiumAssignment\appiumTest/target/cucumber-reports/Tue_May_14_14_19_41_IST_2019\ScreenShot_1050.png"><i class='material-icons'>panorama</i></a></li>
			</ul>
				<div class='pre'>Entering value in [RegistrationPage/UserName] as [Anshul]</div>
				<div class='pre'>Entering value in [RegistrationPage/Email] as [anshu@gmail.com]</div>
				<div class='pre'>Entering value in [RegistrationPage/Password] as [anshul]</div>
				<div class='pre'>Entering value in [RegistrationPage/Name] as [Mr.Madan]</div>
				<div class='pre'>Clicking on [RegistrationPage/ProgrammingLanuguge]</div>
				<div class='pre'>Clicking on [PHP]</div>
				<div class='pre'>Clicking on [RegistrationPage/Accept]</div>
				<div class='pre'>passed</div>
			
		</li>
		<li test-id='17' class='node and pass' status='pass'>
			
			<b>And</b>
			
			<span class="bdd-step-name">And User Click on "RegistrationPage/RegisterUser"</span>
				<div class='pre'>Clicking on [RegistrationPage/RegisterUser]</div>
				<div class='pre'>passed</div>
			
		</li>
		<li test-id='18' class='node then pass' status='pass'>
			
			<b>Then</b>
			
			<span class="bdd-step-name">Then Verify the User details</span>
			<ul class='screenshots right'>
				<li><a data-featherlight="image" href="D:\AppiumAssignment\appiumTest/target/cucumber-reports/Tue_May_14_14_19_41_IST_2019\ScreenShot_1051.png"><i class='material-icons'>panorama</i></a></li>
			</ul>
				<div class='pre'>Element value: Mr.Madan</div>
				<div class='pre'>Element value: anshu@gmail.com</div>
				<div class='pre'>Element value: PHP</div>
				<div class='pre'>Element value: true</div>
				<div class='pre'>Clicking on [VerifyUser/RegisterUser]</div>
				<div class='pre'>passed</div>
				<div class='pre'>Launching the application</div>
			
		</li>
	</ul>
</div>
					</div>
				</li>
				
				
				<li class='test displayed active has-leaf pass' status='pass' bdd='true' test-id='19'>
					<div class='test-heading'>
						<span class='test-name'>WebView Functionality</span>
						<span class='test-time'>May 14, 2019 02:27:58 PM</span>
						<span class='test-status right pass'>pass</span>
					</div>
					<div class='test-content hide'>
<div class='scenario node' test-id='20' status='pass'>
	<span class='duration right label'>0h 0m 42s+681ms</span>
	<div class='desc'>
		<b>Scenario</b>
		<span class="desc-text">Verify WebView Search</span>
	</div>
	<ul class='steps'>
		<li test-id='21' class='node and pass' status='pass'>
			
			<b>And</b>
			
			<span class="bdd-step-name">And User Click on "HomePage/WebView"</span>
				<div class='pre'>Clicking on [HomePage/WebView]</div>
				<div class='pre'>passed</div>
			
		</li>
		<li test-id='22' class='node and pass' status='pass'>
			
			<b>And</b>
			
			<span class="bdd-step-name">And User Select Context to "WEBVIEW"</span>
				<div class='pre'>passed</div>
			
		</li>
		<li test-id='23' class='node and pass' status='pass'>
			
			<b>And</b>
			
			<span class="bdd-step-name">And User wait for "10000"</span>
				<div class='pre'>passed</div>
			
		</li>
		<li test-id='24' class='node and pass' status='pass'>
			
			<b>And</b>
			
			<span class="bdd-step-name">And User Verify the Value for "Hello" element "WebView/WelcomeMessage"</span>
			<ul class='screenshots right'>
				<li><a data-featherlight="image" href="D:\AppiumAssignment\appiumTest/target/cucumber-reports/Tue_May_14_14_19_41_IST_2019\ScreenShot_1052.png"><i class='material-icons'>panorama</i></a></li>
			</ul>
				<div class='pre'>Element value:</div>
				<div class='pre'>Expected value is : Hellosame as</div>
				<div class='pre'>passed</div>
			
		</li>
		<li test-id='25' class='node and pass' status='pass'>
			
			<b>And</b>
			
			<span class="bdd-step-name">And User take screenshots</span>
			<ul class='screenshots right'>
				<li><a data-featherlight="image" href="D:\AppiumAssignment\appiumTest/target/cucumber-reports/Tue_May_14_14_19_41_IST_2019\ScreenShot_1053.png"><i class='material-icons'>panorama</i></a></li>
			</ul>
				<div class='pre'>passed</div>
			
		</li>
	</ul>
</div>
					</div>
				</li>
			</ul>
		</div>
	</div>
	<!-- subview left -->

	<div class='subview-right left'>
		<div class='view-summary'>
			<h5 class='test-name'></h5>

			<div id='step-filters' class="right">
				<span class="blue-text" status="info" alt="info" title="info"><i class="material-icons">info_outline</i></span>
				<span class="green-text" status="pass" alt="pass" title="pass"><i class="material-icons">check_circle</i></span>
				<span class="red-text" status="fail" alt="fail" title="fail"><i class="material-icons">cancel</i></span>
				<span class="red-text text-darken-4" status="fatal" alt="fatal" title="fatal"><i class="material-icons">cancel</i></span>
				<span class="pink-text text-lighten-1" status="error" alt="error" title="error"><i class="material-icons">error</i></span>
				<span class="orange-text" alt="warning" status="warning" title="warning"><i class="material-icons">warning</i></span>
				<span class="teal-text" status="skip" alt="skip" title="skip"><i class="material-icons">redo</i></span>
				<span status="clear" alt="Clear filters" title="Clear filters"><i class="material-icons">clear</i></span>
			</div>
		</div>
	</div>
	<!-- subview right -->

</div>
<!-- test view -->
<!-- category view -->
<div id='exception-view' class='view hide'>

    <section id='controls'>
        <div class='controls grey lighten-4'>
            <!-- search -->
            <div class='chip transparent' alt='Search Tests' title='Search Tests'>
                <a href="#" class='search-div'>
                    <i class='material-icons'>search</i> Search
                </a>

                <div class='input-field left hide'>
                    <input id='search-tests' type='text' class='validate browser-default' placeholder='Search Tests...'>
                </div>

            </div>
            <!-- search -->
        </div>
    </section>

    <div class='subview-left left'>

        <div class='view-summary'>
            <h5>Exceptions</h3>
                <ul id='exception-collection' class='exception-collection'>

                        <li class='exception displayed active'>
                            <div class='exception-heading'>
                                <span class='exception-name'>java.lang.AssertionError</span>
                                <span class='exception-count right'><span class='label red lighten-1 white-text'>1</span></span>
                            </div>
                            <div class='exception-content hide'>
                                <div class='exception-tests'>
                                    <table class='bordered table-results'>
                                        <thead>
                                        <tr>
                                            <th>Timestamp</th>
                                            <th>TestName</th>
                                            <th>Status</th>
                                        </tr>
                                        </thead>
                                        <tbody>
                                                    <tr>
                                                        <td>May 14, 2019 02:20:42 PM</td>
                                                        <td class='linked' test-id='6'>Exception Functionality.Verify Exceptions.And User Click on "HomePage/Exception"</td>
                                                        <td><pre><pre>java.lang.AssertionError: An element could not be located on the page using the given search parameters.
For documentation on this error, please visit: https://www.seleniumhq.org/exceptions/no_such_element.html
Build info: version: '3.141.59', revision: 'e82be7d358', time: '2018-11-14T08:17:03'
System info: host: 'ANSHUL48918', ip: '172.20.10.10', os.name: 'Windows 7', os.arch: 'amd64', os.version: '6.1', java.version: '1.8.0_144'
Driver info: io.appium.java_client.android.AndroidDriver
Capabilities {app: src\main\resources\selendro..., appActivity: HomeScreenActivity, appPackage: io.selendroid.testapp, appium-version: 1.13.0, autoAcceptAlerts: true, autoDismissAlerts: true, autoGrantPermissions: true, connectHardwareKeyboard: false, databaseEnabled: false, desired: {app: src\main\resources\selendro..., appActivity: HomeScreenActivity, appPackage: io.selendroid.testapp, appium-version: 1.13.0, autoAcceptAlerts: true, autoDismissAlerts: true, autoGrantPermissions: true, connectHardwareKeyboard: false, deviceName: Nexus6, orientation: PORTRAIT, platformName: android, platformVersion: 6.0}, deviceManufacturer: unknown, deviceModel: Android SDK built for x86, deviceName: emulator-5554, deviceScreenSize: 1440x2560, deviceUDID: emulator-5554, javascriptEnabled: true, locationContextEnabled: false, networkConnectionEnabled: true, orientation: PORTRAIT, platform: LINUX, platformName: Android, platformVersion: 6.0, takesScreenshot: true, warnings: {}, webStorageEnabled: false}
Session ID: f99e4250-ce7b-4806-88b5-f7902ca25c29
*** Element info: {Using=id, value=io.selendroid.testapp:id/exceptionTestButton} expected [true] but found [false]
	at org.testng.Assert.fail(Assert.java:96)
	at org.testng.Assert.failNotEquals(Assert.java:776)
	at org.testng.Assert.assertTrue(Assert.java:44)
	at com.assignment.appiumTest.Drivers.Drivers.getElement(Drivers.java:535)
	at com.assignment.appiumTest.Drivers.Drivers.clickButton(Drivers.java:317)
	at StepDefinations.Base.ClickOnButton(Base.java:21)
	at ?.And User Click on "HomePage/Exception"(Exception.feature:8)
</pre></pre></td>
                                                    </tr>
                                        </tbody>
                                    </table>
                                </div>
                            </div>
                        </li>
                </ul>
        </div>
    </div>

    <div class='subview-right left'>
        <div class='view-summary'>
            <h5 class='exception-name'></h5>
        </div>
    </div>
</div>
<!-- exception view -->
<div id='dashboard-view' class='view hide'>
	<div class='card-panel transparent np-v'>
		<h5>Dashboard</h5>

		<div class='row'>
			<div class='col s2'>
				<div class='card-panel r'>
					Features
					<div class='panel-lead'>4</div>
				</div>
			</div>
			<div class='col s2'>
				<div class='card-panel r'>
					Scenarios
					<div class='panel-lead'>4</div>
				</div>
			</div>
			<div class='col s2'>
				<div class='card-panel r'>
					Steps
					<div class='panel-lead'>17</div>
				</div>
			</div>
			<div class='col s2'>
				<div class='card-panel r'>
					Start
					<div class='panel-lead'>May 14, 2019 02:19:42 PM</div>
				</div>
			</div>
			<div class='col s2'>
				<div class='card-panel r'>
			 		End
			 		<div class='panel-lead'>May 14, 2019 02:28:48 PM</div>
				</div>
			</div>
			<div class='col s2'>
				<div class='card-panel r'>
					Time Taken
					<div class='panel-lead'>546,506ms</div>
				</div>
			</div>
		</div>
	</div>
</div>
<!-- dashboard view -->
<!-- testrunner-logs view -->
		</div>
		<!-- container -->

		<script>
			var statusGroup = {
				passParent: 3,
				failParent: 1,
				fatalParent: 0,
				errorParent: 0,
				warningParent: 0,
				skipParent: 0,
				exceptionsParent: 1,
				
				passChild: 3,
				failChild: 1,
				fatalChild: 0,
				errorChild: 0,
				warningChild: 0,
				skipChild: 0,
				infoChild: 0,
				exceptionsChild: 1,
				
				passGrandChild: 16,
				failGrandChild: 1,
				fatalGrandChild: 0,
				errorGrandChild: 0,
				warningGrandChild: 0,
				skipGrandChild: 0,
				infoGrandChild: 0,
				exceptionsGrandChild: 1,
			};
		</script>
		
			<script src='https://cdn.rawgit.com/anshooarora/extentreports-java/5ed7b0c339b51aa347b44ccaa2e2ff29905b2f9f/dist/js/extent.js' type='text/javascript'></script>
		
		
	</body>
	
</html>
