<!DOCTYPE html PUBLIC "-//W3C//DTD XHTML 1.1//EN" "http://www.w3.org/TR/xhtml11/DTD/xhtml11.dtd">
<html xmlns="http://www.w3.org/1999/xhtml">
<head>
<meta http-equiv="content-type" content="text/html; charset=UTF-8"/>
<title>TestNG Report</title>
<style type="text/css">table {margin-bottom:10px;border-collapse:collapse;empty-cells:show}th,td {border:1px solid #009;padding:.25em .5em}th {vertical-align:bottom}td {vertical-align:top}table a {font-weight:bold}.stripe td {background-color: #E6EBF9}.num {text-align:right}.passedodd td {background-color: #3F3}.passedeven td {background-color: #0A0}.skippedodd td {background-color: #DDD}.skippedeven td {background-color: #CCC}.failedodd td,.attn {background-color: #F33}.failedeven td,.stripe .attn {background-color: #D00}.stacktrace {white-space:pre;font-family:monospace}.totop {font-size:85%;text-align:center;border-bottom:2px solid #000}.invisible {display:none}</style>
</head>
<body>
<table>
<tr><th>Test</th><th># Passed</th><th># Skipped</th><th># Failed</th><th>Time (ms)</th><th>Included Groups</th><th>Excluded Groups</th></tr>
<tr><th colspan="7">Suite</th></tr>
<tr><td><a href="#t0">Test</a></td><td class="num">3</td><td class="num">0</td><td class="num attn">1</td><td class="num">547,612</td><td></td><td></td></tr>
</table>
<table id='summary'><thead><tr><th>Class</th><th>Method</th><th>Start</th><th>Time (ms)</th></tr></thead><tbody><tr><th colspan="4">Suite</th></tr></tbody><tbody id="t0"><tr><th colspan="4">Test &#8212; failed</th></tr><tr class="failedeven"><td rowspan="1">com.assignment.appiumTest.runner.TestRunner</td><td><a href="#m0">feature</a></td><td rowspan="1">1557823782183</td><td rowspan="1">75254</td></tr><tr><th colspan="4">Test &#8212; passed</th></tr><tr class="passedeven"><td rowspan="3">com.assignment.appiumTest.runner.TestRunner</td><td><a href="#m1">feature</a></td><td rowspan="3">1557824278958</td><td rowspan="3">49833</td></tr><tr class="passedeven"><td><a href="#m2">feature</a></td></tr><tr class="passedeven"><td><a href="#m3">feature</a></td></tr></tbody>
</table>
<h2>Test</h2><h3 id="m0">com.assignment.appiumTest.runner.TestRunner#feature</h3><table class="result"><tr class="param"><th>Parameter #1</th></tr><tr class="param stripe"><td>Exception Functionality</td></tr><tr><th>Exception</th></tr><tr><td><div class="stacktrace">cucumber.runtime.CucumberException: java.lang.AssertionError: An element could not be located on the page using the given search parameters.
For documentation on this error, please visit: https://www.seleniumhq.org/exceptions/no_such_element.html
Build info: version: &apos;3.141.59&apos;, revision: &apos;e82be7d358&apos;, time: &apos;2018-11-14T08:17:03&apos;
System info: host: &apos;ANSHUL48918&apos;, ip: &apos;172.20.10.10&apos;, os.name: &apos;Windows 7&apos;, os.arch: &apos;amd64&apos;, os.version: &apos;6.1&apos;, java.version: &apos;1.8.0_144&apos;
Driver info: io.appium.java_client.android.AndroidDriver
Capabilities {app: src\main\resources\selendro..., appActivity: HomeScreenActivity, appPackage: io.selendroid.testapp, appium-version: 1.13.0, autoAcceptAlerts: true, autoDismissAlerts: true, autoGrantPermissions: true, connectHardwareKeyboard: false, databaseEnabled: false, desired: {app: src\main\resources\selendro..., appActivity: HomeScreenActivity, appPackage: io.selendroid.testapp, appium-version: 1.13.0, autoAcceptAlerts: true, autoDismissAlerts: true, autoGrantPermissions: true, connectHardwareKeyboard: false, deviceName: Nexus6, orientation: PORTRAIT, platformName: android, platformVersion: 6.0}, deviceManufacturer: unknown, deviceModel: Android SDK built for x86, deviceName: emulator-5554, deviceScreenSize: 1440x2560, deviceUDID: emulator-5554, javascriptEnabled: true, locationContextEnabled: false, networkConnectionEnabled: true, orientation: PORTRAIT, platform: LINUX, platformName: Android, platformVersion: 6.0, takesScreenshot: true, warnings: {}, webStorageEnabled: false}
Session ID: f99e4250-ce7b-4806-88b5-f7902ca25c29
*** Element info: {Using=id, value=io.selendroid.testapp:id/exceptionTestButton} expected [true] but found [false]
	at cucumber.api.testng.TestNGCucumberRunner.runCucumber(TestNGCucumberRunner.java:69)
	at com.assignment.appiumTest.runner.TestRunner.feature(TestRunner.java:80)
Caused by: java.lang.AssertionError: An element could not be located on the page using the given search parameters.
For documentation on this error, please visit: https://www.seleniumhq.org/exceptions/no_such_element.html
Build info: version: &apos;3.141.59&apos;, revision: &apos;e82be7d358&apos;, time: &apos;2018-11-14T08:17:03&apos;
System info: host: &apos;ANSHUL48918&apos;, ip: &apos;172.20.10.10&apos;, os.name: &apos;Windows 7&apos;, os.arch: &apos;amd64&apos;, os.version: &apos;6.1&apos;, java.version: &apos;1.8.0_144&apos;
Driver info: io.appium.java_client.android.AndroidDriver
Capabilities {app: src\main\resources\selendro..., appActivity: HomeScreenActivity, appPackage: io.selendroid.testapp, appium-version: 1.13.0, autoAcceptAlerts: true, autoDismissAlerts: true, autoGrantPermissions: true, connectHardwareKeyboard: false, databaseEnabled: false, desired: {app: src\main\resources\selendro..., appActivity: HomeScreenActivity, appPackage: io.selendroid.testapp, appium-version: 1.13.0, autoAcceptAlerts: true, autoDismissAlerts: true, autoGrantPermissions: true, connectHardwareKeyboard: false, deviceName: Nexus6, orientation: PORTRAIT, platformName: android, platformVersion: 6.0}, deviceManufacturer: unknown, deviceModel: Android SDK built for x86, deviceName: emulator-5554, deviceScreenSize: 1440x2560, deviceUDID: emulator-5554, javascriptEnabled: true, locationContextEnabled: false, networkConnectionEnabled: true, orientation: PORTRAIT, platform: LINUX, platformName: Android, platformVersion: 6.0, takesScreenshot: true, warnings: {}, webStorageEnabled: false}
Session ID: f99e4250-ce7b-4806-88b5-f7902ca25c29
*** Element info: {Using=id, value=io.selendroid.testapp:id/exceptionTestButton} expected [true] but found [false]
	at com.assignment.appiumTest.Drivers.Drivers.getElement(Drivers.java:535)
	at com.assignment.appiumTest.Drivers.Drivers.clickButton(Drivers.java:317)
	at StepDefinations.Base.ClickOnButton(Base.java:21)
	at âœ½.And User Click on &quot;HomePage/Exception&quot;(Exception.feature:8)
... Removed 37 stack frames</div></td></tr></table><p class="totop"><a href="#summary">back to summary</a></p>
<h3 id="m1">com.assignment.appiumTest.runner.TestRunner#feature</h3><table class="result"><tr class="param"><th>Parameter #1</th></tr><tr class="param stripe"><td>WebView Functionality</td></tr></table><p class="totop"><a href="#summary">back to summary</a></p>
<h3 id="m2">com.assignment.appiumTest.runner.TestRunner#feature</h3><table class="result"><tr class="param"><th>Parameter #1</th></tr><tr class="param stripe"><td>Gesture Functionality</td></tr></table><p class="totop"><a href="#summary">back to summary</a></p>
<h3 id="m3">com.assignment.appiumTest.runner.TestRunner#feature</h3><table class="result"><tr class="param"><th>Parameter #1</th></tr><tr class="param stripe"><td>Register a new User</td></tr></table><p class="totop"><a href="#summary">back to summary</a></p>
</body>
</html>
