<?xml version="1.0" encoding="UTF-8"?>
<testng-results skipped="0" failed="1" ignored="0" total="4" passed="3">
  <reporter-output>
  </reporter-output>
  <suite name="Suite" duration-ms="709061" started-at="2019-05-14T07:12:42Z" finished-at="2019-05-14T07:24:31Z">
    <groups>
      <group name="cucumber">
        <method signature="TestRunner.feature(cucumber.api.testng.CucumberFeatureWrapper)[pri:0, instance:com.assignment.appiumTest.runner.TestRunner@747ddf94]" name="feature" class="com.assignment.appiumTest.runner.TestRunner"/>
      </group> <!-- cucumber -->
    </groups>
    <test name="Test" duration-ms="709061" started-at="2019-05-14T07:12:42Z" finished-at="2019-05-14T07:24:31Z">
      <class name="com.assignment.appiumTest.runner.TestRunner">
        <test-method status="PASS" signature="setUp()[pri:0, instance:com.assignment.appiumTest.runner.TestRunner@747ddf94]" name="setUp" is-config="true" duration-ms="284" started-at="2019-05-14T07:12:42Z" finished-at="2019-05-14T07:12:42Z">
          <reporter-output>
          </reporter-output>
        </test-method> <!-- setUp -->
        <test-method status="PASS" signature="HtmlFile()[pri:0, instance:com.assignment.appiumTest.runner.TestRunner@747ddf94]" name="HtmlFile" is-config="true" duration-ms="112265" started-at="2019-05-14T07:12:42Z" finished-at="2019-05-14T07:14:35Z">
          <reporter-output>
          </reporter-output>
        </test-method> <!-- HtmlFile -->
        <test-method status="PASS" signature="setUpClass()[pri:0, instance:com.assignment.appiumTest.runner.TestRunner@747ddf94]" name="setUpClass" is-config="true" duration-ms="429" started-at="2019-05-14T07:14:35Z" finished-at="2019-05-14T07:14:35Z">
          <reporter-output>
          </reporter-output>
        </test-method> <!-- setUpClass -->
        <test-method status="FAIL" signature="feature(cucumber.api.testng.CucumberFeatureWrapper)[pri:0, instance:com.assignment.appiumTest.runner.TestRunner@747ddf94]" name="feature" duration-ms="79059" started-at="2019-05-14T07:14:35Z" description="Runs Cucumber Feature" data-provider="features" finished-at="2019-05-14T07:15:54Z">
          <params>
            <param index="0">
              <value>
                <![CDATA[Exception Functionality]]>
              </value>
            </param>
          </params>
          <exception class="cucumber.runtime.CucumberException">
            <message>
              <![CDATA[java.lang.AssertionError: An element could not be located on the page using the given search parameters.
For documentation on this error, please visit: https://www.seleniumhq.org/exceptions/no_such_element.html
Build info: version: '3.141.59', revision: 'e82be7d358', time: '2018-11-14T08:17:03'
System info: host: 'ANSHUL48918', ip: '172.20.10.10', os.name: 'Windows 7', os.arch: 'amd64', os.version: '6.1', java.version: '1.8.0_144'
Driver info: io.appium.java_client.android.AndroidDriver
Capabilities {app: src\main\resources\selendro..., appActivity: HomeScreenActivity, appPackage: io.selendroid.testapp, appium-version: 1.13.0, autoAcceptAlerts: true, autoDismissAlerts: true, autoGrantPermissions: true, connectHardwareKeyboard: false, databaseEnabled: false, desired: {app: src\main\resources\selendro..., appActivity: HomeScreenActivity, appPackage: io.selendroid.testapp, appium-version: 1.13.0, autoAcceptAlerts: true, autoDismissAlerts: true, autoGrantPermissions: true, connectHardwareKeyboard: false, deviceName: Nexus6, orientation: PORTRAIT, platformName: android, platformVersion: 6.0}, deviceManufacturer: unknown, deviceModel: Android SDK built for x86, deviceName: emulator-5554, deviceScreenSize: 1440x2560, deviceUDID: emulator-5554, javascriptEnabled: true, locationContextEnabled: false, networkConnectionEnabled: true, orientation: PORTRAIT, platform: LINUX, platformName: Android, platformVersion: 6.0, takesScreenshot: true, warnings: {}, webStorageEnabled: false}
Session ID: 2adf9f3b-f65c-4348-828e-0b26a63a5ae5
*** Element info: {Using=id, value=io.selendroid.testapp:id/exceptionTestButton} expected [true] but found [false]]]>
            </message>
            <full-stacktrace>
              <![CDATA[cucumber.runtime.CucumberException: java.lang.AssertionError: An element could not be located on the page using the given search parameters.
For documentation on this error, please visit: https://www.seleniumhq.org/exceptions/no_such_element.html
Build info: version: '3.141.59', revision: 'e82be7d358', time: '2018-11-14T08:17:03'
System info: host: 'ANSHUL48918', ip: '172.20.10.10', os.name: 'Windows 7', os.arch: 'amd64', os.version: '6.1', java.version: '1.8.0_144'
Driver info: io.appium.java_client.android.AndroidDriver
Capabilities {app: src\main\resources\selendro..., appActivity: HomeScreenActivity, appPackage: io.selendroid.testapp, appium-version: 1.13.0, autoAcceptAlerts: true, autoDismissAlerts: true, autoGrantPermissions: true, connectHardwareKeyboard: false, databaseEnabled: false, desired: {app: src\main\resources\selendro..., appActivity: HomeScreenActivity, appPackage: io.selendroid.testapp, appium-version: 1.13.0, autoAcceptAlerts: true, autoDismissAlerts: true, autoGrantPermissions: true, connectHardwareKeyboard: false, deviceName: Nexus6, orientation: PORTRAIT, platformName: android, platformVersion: 6.0}, deviceManufacturer: unknown, deviceModel: Android SDK built for x86, deviceName: emulator-5554, deviceScreenSize: 1440x2560, deviceUDID: emulator-5554, javascriptEnabled: true, locationContextEnabled: false, networkConnectionEnabled: true, orientation: PORTRAIT, platform: LINUX, platformName: Android, platformVersion: 6.0, takesScreenshot: true, warnings: {}, webStorageEnabled: false}
Session ID: 2adf9f3b-f65c-4348-828e-0b26a63a5ae5
*** Element info: {Using=id, value=io.selendroid.testapp:id/exceptionTestButton} expected [true] but found [false]
at cucumber.api.testng.TestNGCucumberRunner.runCucumber(TestNGCucumberRunner.java:69)
at com.assignment.appiumTest.runner.TestRunner.feature(TestRunner.java:76)
at sun.reflect.NativeMethodAccessorImpl.invoke0(Native Method)
at sun.reflect.NativeMethodAccessorImpl.invoke(Unknown Source)
at sun.reflect.DelegatingMethodAccessorImpl.invoke(Unknown Source)
at java.lang.reflect.Method.invoke(Unknown Source)
at org.testng.internal.MethodInvocationHelper.invokeMethod(MethodInvocationHelper.java:124)
at org.testng.internal.Invoker.invokeMethod(Invoker.java:583)
at org.testng.internal.Invoker.invokeTestMethod(Invoker.java:719)
at org.testng.internal.Invoker.invokeTestMethods(Invoker.java:989)
at org.testng.internal.TestMethodWorker.invokeTestMethods(TestMethodWorker.java:125)
at org.testng.internal.TestMethodWorker.run(TestMethodWorker.java:109)
at org.testng.TestRunner.privateRun(TestRunner.java:648)
at org.testng.TestRunner.run(TestRunner.java:505)
at org.testng.SuiteRunner.runTest(SuiteRunner.java:455)
at org.testng.SuiteRunner.runSequentially(SuiteRunner.java:450)
at org.testng.SuiteRunner.privateRun(SuiteRunner.java:415)
at org.testng.SuiteRunner.run(SuiteRunner.java:364)
at org.testng.SuiteRunnerWorker.runSuite(SuiteRunnerWorker.java:52)
at org.testng.SuiteRunnerWorker.run(SuiteRunnerWorker.java:84)
at org.testng.TestNG.runSuitesSequentially(TestNG.java:1208)
at org.testng.TestNG.runSuitesLocally(TestNG.java:1137)
at org.testng.TestNG.runSuites(TestNG.java:1049)
at org.testng.TestNG.run(TestNG.java:1017)
at org.testng.remote.AbstractRemoteTestNG.run(AbstractRemoteTestNG.java:114)
at org.testng.remote.RemoteTestNG.initAndRun(RemoteTestNG.java:251)
at org.testng.remote.RemoteTestNG.main(RemoteTestNG.java:77)
Caused by: java.lang.AssertionError: An element could not be located on the page using the given search parameters.
For documentation on this error, please visit: https://www.seleniumhq.org/exceptions/no_such_element.html
Build info: version: '3.141.59', revision: 'e82be7d358', time: '2018-11-14T08:17:03'
System info: host: 'ANSHUL48918', ip: '172.20.10.10', os.name: 'Windows 7', os.arch: 'amd64', os.version: '6.1', java.version: '1.8.0_144'
Driver info: io.appium.java_client.android.AndroidDriver
Capabilities {app: src\main\resources\selendro..., appActivity: HomeScreenActivity, appPackage: io.selendroid.testapp, appium-version: 1.13.0, autoAcceptAlerts: true, autoDismissAlerts: true, autoGrantPermissions: true, connectHardwareKeyboard: false, databaseEnabled: false, desired: {app: src\main\resources\selendro..., appActivity: HomeScreenActivity, appPackage: io.selendroid.testapp, appium-version: 1.13.0, autoAcceptAlerts: true, autoDismissAlerts: true, autoGrantPermissions: true, connectHardwareKeyboard: false, deviceName: Nexus6, orientation: PORTRAIT, platformName: android, platformVersion: 6.0}, deviceManufacturer: unknown, deviceModel: Android SDK built for x86, deviceName: emulator-5554, deviceScreenSize: 1440x2560, deviceUDID: emulator-5554, javascriptEnabled: true, locationContextEnabled: false, networkConnectionEnabled: true, orientation: PORTRAIT, platform: LINUX, platformName: Android, platformVersion: 6.0, takesScreenshot: true, warnings: {}, webStorageEnabled: false}
Session ID: 2adf9f3b-f65c-4348-828e-0b26a63a5ae5
*** Element info: {Using=id, value=io.selendroid.testapp:id/exceptionTestButton} expected [true] but found [false]
at org.testng.Assert.fail(Assert.java:96)
at org.testng.Assert.failNotEquals(Assert.java:776)
at org.testng.Assert.assertTrue(Assert.java:44)
at com.assignment.appiumTest.Drivers.Drivers.getElement(Drivers.java:535)
at com.assignment.appiumTest.Drivers.Drivers.clickButton(Drivers.java:317)
at StepDefinations.Base.ClickOnButton(Base.java:21)
at âœ½.And User Click on "HomePage/Exception"(Exception.feature:8)
]]>
            </full-stacktrace>
          </exception> <!-- cucumber.runtime.CucumberException -->
          <reporter-output>
          </reporter-output>
        </test-method> <!-- feature -->
        <test-method status="PASS" signature="feature(cucumber.api.testng.CucumberFeatureWrapper)[pri:0, instance:com.assignment.appiumTest.runner.TestRunner@747ddf94]" name="feature" duration-ms="66516" started-at="2019-05-14T07:15:54Z" description="Runs Cucumber Feature" data-provider="features" finished-at="2019-05-14T07:17:01Z">
          <params>
            <param index="0">
              <value>
                <![CDATA[Gesture Functionality]]>
              </value>
            </param>
          </params>
          <reporter-output>
          </reporter-output>
        </test-method> <!-- feature -->
        <test-method status="PASS" signature="feature(cucumber.api.testng.CucumberFeatureWrapper)[pri:0, instance:com.assignment.appiumTest.runner.TestRunner@747ddf94]" name="feature" duration-ms="385499" started-at="2019-05-14T07:17:01Z" description="Runs Cucumber Feature" data-provider="features" finished-at="2019-05-14T07:23:26Z">
          <params>
            <param index="0">
              <value>
                <![CDATA[Register a new User]]>
              </value>
            </param>
          </params>
          <reporter-output>
          </reporter-output>
        </test-method> <!-- feature -->
        <test-method status="PASS" signature="feature(cucumber.api.testng.CucumberFeatureWrapper)[pri:0, instance:com.assignment.appiumTest.runner.TestRunner@747ddf94]" name="feature" duration-ms="64079" started-at="2019-05-14T07:23:26Z" description="Runs Cucumber Feature" data-provider="features" finished-at="2019-05-14T07:24:30Z">
          <params>
            <param index="0">
              <value>
                <![CDATA[WebView Functionality]]>
              </value>
            </param>
          </params>
          <reporter-output>
          </reporter-output>
        </test-method> <!-- feature -->
        <test-method status="PASS" signature="tearDownClass()[pri:0, instance:com.assignment.appiumTest.runner.TestRunner@747ddf94]" name="tearDownClass" is-config="true" duration-ms="1038" started-at="2019-05-14T07:24:30Z" finished-at="2019-05-14T07:24:31Z">
          <reporter-output>
          </reporter-output>
        </test-method> <!-- tearDownClass -->
        <test-method status="PASS" signature="CopyResult()[pri:0, instance:com.assignment.appiumTest.runner.TestRunner@747ddf94]" name="CopyResult" is-config="true" duration-ms="12" started-at="2019-05-14T07:24:31Z" finished-at="2019-05-14T07:24:31Z">
          <reporter-output>
          </reporter-output>
        </test-method> <!-- CopyResult -->
        <test-method status="PASS" signature="StopServers()[pri:0, instance:com.assignment.appiumTest.runner.TestRunner@747ddf94]" name="StopServers" is-config="true" duration-ms="431" started-at="2019-05-14T07:24:32Z" finished-at="2019-05-14T07:24:32Z">
          <reporter-output>
          </reporter-output>
        </test-method> <!-- StopServers -->
      </class> <!-- com.assignment.appiumTest.runner.TestRunner -->
    </test> <!-- Test -->
  </suite> <!-- Suite -->
</testng-results>
