<?xml version="1.0" encoding="UTF-8"?>
<!-- Generated by org.testng.reporters.JUnitReportReporter -->
<testsuite skipped="0" hostname="anshul48918" name="com.assignment.appiumTest.runner.TestRunner" tests="4" failures="0" timestamp="14 May 2019 08:58:49 GMT" time="546.596" errors="1">
  <testcase name="feature" time="49.833" classname="com.assignment.appiumTest.runner.TestRunner"/>
  <testcase name="feature" time="41.717" classname="com.assignment.appiumTest.runner.TestRunner"/>
  <testcase name="feature" time="75.254" classname="com.assignment.appiumTest.runner.TestRunner">
    <error type="cucumber.runtime.CucumberException" message="java.lang.AssertionError: An element could not be located on the page using the given search parameters.
For documentation on this error, please visit: https://www.seleniumhq.org/exceptions/no_such_element.html
Build info: version: &#039;3.141.59&#039;, revision: &#039;e82be7d358&#039;, time: &#039;2018-11-14T08:17:03&#039;
System info: host: &#039;ANSHUL48918&#039;, ip: &#039;172.20.10.10&#039;, os.name: &#039;Windows 7&#039;, os.arch: &#039;amd64&#039;, os.version: &#039;6.1&#039;, java.version: &#039;1.8.0_144&#039;
Driver info: io.appium.java_client.android.AndroidDriver
Capabilities {app: src\main\resources\selendro..., appActivity: HomeScreenActivity, appPackage: io.selendroid.testapp, appium-version: 1.13.0, autoAcceptAlerts: true, autoDismissAlerts: true, autoGrantPermissions: true, connectHardwareKeyboard: false, databaseEnabled: false, desired: {app: src\main\resources\selendro..., appActivity: HomeScreenActivity, appPackage: io.selendroid.testapp, appium-version: 1.13.0, autoAcceptAlerts: true, autoDismissAlerts: true, autoGrantPermissions: true, connectHardwareKeyboard: false, deviceName: Nexus6, orientation: PORTRAIT, platformName: android, platformVersion: 6.0}, deviceManufacturer: unknown, deviceModel: Android SDK built for x86, deviceName: emulator-5554, deviceScreenSize: 1440x2560, deviceUDID: emulator-5554, javascriptEnabled: true, locationContextEnabled: false, networkConnectionEnabled: true, orientation: PORTRAIT, platform: LINUX, platformName: Android, platformVersion: 6.0, takesScreenshot: true, warnings: {}, webStorageEnabled: false}
Session ID: f99e4250-ce7b-4806-88b5-f7902ca25c29
*** Element info: {Using=id, value=io.selendroid.testapp:id/exceptionTestButton} expected [true] but found [false]">
      <![CDATA[cucumber.runtime.CucumberException: java.lang.AssertionError: An element could not be located on the page using the given search parameters.
For documentation on this error, please visit: https://www.seleniumhq.org/exceptions/no_such_element.html
Build info: version: '3.141.59', revision: 'e82be7d358', time: '2018-11-14T08:17:03'
System info: host: 'ANSHUL48918', ip: '172.20.10.10', os.name: 'Windows 7', os.arch: 'amd64', os.version: '6.1', java.version: '1.8.0_144'
Driver info: io.appium.java_client.android.AndroidDriver
Capabilities {app: src\main\resources\selendro..., appActivity: HomeScreenActivity, appPackage: io.selendroid.testapp, appium-version: 1.13.0, autoAcceptAlerts: true, autoDismissAlerts: true, autoGrantPermissions: true, connectHardwareKeyboard: false, databaseEnabled: false, desired: {app: src\main\resources\selendro..., appActivity: HomeScreenActivity, appPackage: io.selendroid.testapp, appium-version: 1.13.0, autoAcceptAlerts: true, autoDismissAlerts: true, autoGrantPermissions: true, connectHardwareKeyboard: false, deviceName: Nexus6, orientation: PORTRAIT, platformName: android, platformVersion: 6.0}, deviceManufacturer: unknown, deviceModel: Android SDK built for x86, deviceName: emulator-5554, deviceScreenSize: 1440x2560, deviceUDID: emulator-5554, javascriptEnabled: true, locationContextEnabled: false, networkConnectionEnabled: true, orientation: PORTRAIT, platform: LINUX, platformName: Android, platformVersion: 6.0, takesScreenshot: true, warnings: {}, webStorageEnabled: false}
Session ID: f99e4250-ce7b-4806-88b5-f7902ca25c29
*** Element info: {Using=id, value=io.selendroid.testapp:id/exceptionTestButton} expected [true] but found [false]
at cucumber.api.testng.TestNGCucumberRunner.runCucumber(TestNGCucumberRunner.java:69)
at com.assignment.appiumTest.runner.TestRunner.feature(TestRunner.java:80)
at sun.reflect.NativeMethodAccessorImpl.invoke0(Native Method)
at sun.reflect.NativeMethodAccessorImpl.invoke(Unknown Source)
at sun.reflect.DelegatingMethodAccessorImpl.invoke(Unknown Source)
at java.lang.reflect.Method.invoke(Unknown Source)
at org.testng.internal.MethodInvocationHelper.invokeMethod(MethodInvocationHelper.java:124)
at org.testng.internal.Invoker.invokeMethod(Invoker.java:583)
at org.testng.internal.Invoker.invokeTestMethod(Invoker.java:719)
at org.testng.internal.Invoker.invokeTestMethods(Invoker.java:989)
at org.testng.internal.TestMethodWorker.invokeTestMethods(TestMethodWorker.java:125)
at org.testng.internal.TestMethodWorker.run(TestMethodWorker.java:109)
at org.testng.TestRunner.privateRun(TestRunner.java:648)
at org.testng.TestRunner.run(TestRunner.java:505)
at org.testng.SuiteRunner.runTest(SuiteRunner.java:455)
at org.testng.SuiteRunner.runSequentially(SuiteRunner.java:450)
at org.testng.SuiteRunner.privateRun(SuiteRunner.java:415)
at org.testng.SuiteRunner.run(SuiteRunner.java:364)
at org.testng.SuiteRunnerWorker.runSuite(SuiteRunnerWorker.java:52)
at org.testng.SuiteRunnerWorker.run(SuiteRunnerWorker.java:84)
at org.testng.TestNG.runSuitesSequentially(TestNG.java:1208)
at org.testng.TestNG.runSuitesLocally(TestNG.java:1137)
at org.testng.TestNG.runSuites(TestNG.java:1049)
at org.testng.TestNG.run(TestNG.java:1017)
at org.apache.maven.surefire.testng.TestNGExecutor.run(TestNGExecutor.java:178)
at org.apache.maven.surefire.testng.TestNGXmlTestSuite.execute(TestNGXmlTestSuite.java:92)
at org.apache.maven.surefire.testng.TestNGProvider.invoke(TestNGProvider.java:96)
at sun.reflect.NativeMethodAccessorImpl.invoke0(Native Method)
at sun.reflect.NativeMethodAccessorImpl.invoke(Unknown Source)
at sun.reflect.DelegatingMethodAccessorImpl.invoke(Unknown Source)
at java.lang.reflect.Method.invoke(Unknown Source)
at org.apache.maven.surefire.util.ReflectionUtils.invokeMethodWithArray2(ReflectionUtils.java:208)
at org.apache.maven.surefire.booter.ProviderFactory$ProviderProxy.invoke(ProviderFactory.java:159)
at org.apache.maven.surefire.booter.ProviderFactory.invokeProvider(ProviderFactory.java:87)
at org.apache.maven.surefire.booter.ForkedBooter.runSuitesInProcess(ForkedBooter.java:153)
at org.apache.maven.surefire.booter.ForkedBooter.main(ForkedBooter.java:95)
Caused by: java.lang.AssertionError: An element could not be located on the page using the given search parameters.
For documentation on this error, please visit: https://www.seleniumhq.org/exceptions/no_such_element.html
Build info: version: '3.141.59', revision: 'e82be7d358', time: '2018-11-14T08:17:03'
System info: host: 'ANSHUL48918', ip: '172.20.10.10', os.name: 'Windows 7', os.arch: 'amd64', os.version: '6.1', java.version: '1.8.0_144'
Driver info: io.appium.java_client.android.AndroidDriver
Capabilities {app: src\main\resources\selendro..., appActivity: HomeScreenActivity, appPackage: io.selendroid.testapp, appium-version: 1.13.0, autoAcceptAlerts: true, autoDismissAlerts: true, autoGrantPermissions: true, connectHardwareKeyboard: false, databaseEnabled: false, desired: {app: src\main\resources\selendro..., appActivity: HomeScreenActivity, appPackage: io.selendroid.testapp, appium-version: 1.13.0, autoAcceptAlerts: true, autoDismissAlerts: true, autoGrantPermissions: true, connectHardwareKeyboard: false, deviceName: Nexus6, orientation: PORTRAIT, platformName: android, platformVersion: 6.0}, deviceManufacturer: unknown, deviceModel: Android SDK built for x86, deviceName: emulator-5554, deviceScreenSize: 1440x2560, deviceUDID: emulator-5554, javascriptEnabled: true, locationContextEnabled: false, networkConnectionEnabled: true, orientation: PORTRAIT, platform: LINUX, platformName: Android, platformVersion: 6.0, takesScreenshot: true, warnings: {}, webStorageEnabled: false}
Session ID: f99e4250-ce7b-4806-88b5-f7902ca25c29
*** Element info: {Using=id, value=io.selendroid.testapp:id/exceptionTestButton} expected [true] but found [false]
at org.testng.Assert.fail(Assert.java:96)
at org.testng.Assert.failNotEquals(Assert.java:776)
at org.testng.Assert.assertTrue(Assert.java:44)
at com.assignment.appiumTest.Drivers.Drivers.getElement(Drivers.java:535)
at com.assignment.appiumTest.Drivers.Drivers.clickButton(Drivers.java:317)
at StepDefinations.Base.ClickOnButton(Base.java:21)
at âœ½.And User Click on "HomePage/Exception"(Exception.feature:8)
]]>
    </error>
  </testcase> <!-- feature -->
  <testcase name="feature" time="379.792" classname="com.assignment.appiumTest.runner.TestRunner"/>
</testsuite> <!-- com.assignment.appiumTest.runner.TestRunner -->
